\BOOKMARK [0][-]{chapter.1}{Introduction}{}% 1
\BOOKMARK [0][-]{chapter.2}{Financial\040times-series\040stimulation}{}% 2
\BOOKMARK [1][-]{section.2.1}{Challenges\040in\040financial\040scenario}{chapter.2}% 3
\BOOKMARK [1][-]{section.2.2}{Stylised\040facts\040and\040evaluation\040of\040similarity}{chapter.2}% 4
\BOOKMARK [1][-]{section.2.3}{Classical\040and\040modern\040model}{chapter.2}% 5
\BOOKMARK [0][-]{chapter.3}{Signature\040feature}{}% 6
\BOOKMARK [1][-]{section.3.1}{Signature}{chapter.3}% 7
\BOOKMARK [2][-]{subsection.3.1.1}{Signature\040map}{section.3.1}% 8
\BOOKMARK [2][-]{subsection.3.1.2}{Signature\040stream}{section.3.1}% 9
\BOOKMARK [1][-]{section.3.2}{Log-signature}{chapter.3}% 10
\BOOKMARK [2][-]{subsection.3.2.1}{Lie\040Series}{section.3.2}% 11
\BOOKMARK [1][-]{section.3.3}{Universality\040and\040characteristics\040}{chapter.3}% 12
\BOOKMARK [1][-]{section.3.4}{Discrete\040signature\040feature}{chapter.3}% 13
\BOOKMARK [2][-]{subsection.3.4.1}{Kernel\040trick}{section.3.4}% 14
\BOOKMARK [1][-]{section.3.5}{Low-rank-signature}{chapter.3}% 15
\BOOKMARK [0][-]{chapter.4}{Variational\040Autoencoders}{}% 16
\BOOKMARK [1][-]{section.4.1}{Variational\040autoencoders}{chapter.4}% 17
\BOOKMARK [2][-]{subsection.4.1.1}{Variational\040inference}{section.4.1}% 18
\BOOKMARK [2][-]{subsection.4.1.2}{Reparameterization\040Trick}{section.4.1}% 19
\BOOKMARK [1][-]{section.4.2}{Variations\040of\040VAE}{chapter.4}% 20
\BOOKMARK [0][-]{chapter.5}{Main\040method}{}% 21
\BOOKMARK [1][-]{section.5.1}{Time\040series\040processing}{chapter.5}% 22
\BOOKMARK [1][-]{section.5.2}{Generative\040model\040with\040heavy\040tail}{chapter.5}% 23
\BOOKMARK [1][-]{section.5.3}{Inverse\040the\040log-signature}{chapter.5}% 24
\BOOKMARK [1][-]{section.5.4}{Evaluation\040with\040lifting\040and\040normalizing}{chapter.5}% 25
\BOOKMARK [0][-]{chapter.6}{Signature\040stimulation}{}% 26
\BOOKMARK [1][-]{section.6.1}{Controlled\040stochastic\040differential\040equation}{chapter.6}% 27
\BOOKMARK [1][-]{section.6.2}{Numerical\040Implementation}{chapter.6}% 28
\BOOKMARK [0][-]{chapter.7}{Conclusions\040and\040Future\040Work}{}% 29
\BOOKMARK [0][-]{chapter.8}{Appendix}{}% 30
